2025-06-26 08:11:28,735 [Worker-7: Loading available Gradle versions] INFO  o.e.b.c.i.u.g.PublishedGradleVersions - Gradle version information cache is not available. Remote download required.
2025-06-26 09:17:33,512 [Worker-21: Import Getting Started Content] INFO  o.e.m.c.i.l.LifecycleMappingFactory - Using org.maven.ide.eclipse.wtp.WarLifecycleMapping lifecycle mapping for MavenProject: com.example:ApiCodingChallenge:0.0.1-SNAPSHOT @ C:\Users\AMALSIVAN\OneDrive\Desktop\AMAL API CODING CHALLENGE\ApiCodingChallenge\pom.xml.
2025-06-26 09:17:36,625 [Worker-21: Import Getting Started Content] INFO  o.e.m.j.i.AbstractJavaProjectConfigurator - Adding source folder /ApiCodingChallenge/src/main/java
2025-06-26 09:17:36,629 [Worker-21: Import Getting Started Content] INFO  o.e.m.j.i.AbstractJavaProjectConfigurator - Adding resource folder /ApiCodingChallenge/src/main/resources
2025-06-26 09:17:36,647 [Worker-21: Import Getting Started Content] INFO  o.e.m.j.i.AbstractJavaProjectConfigurator - Adding resource folder /ApiCodingChallenge/src/main/resources
2025-06-26 09:17:36,657 [Worker-21: Import Getting Started Content] INFO  o.e.m.j.i.AbstractJavaProjectConfigurator - Adding source folder /ApiCodingChallenge/src/test/java
2025-06-26 09:17:36,660 [Worker-21: Import Getting Started Content] INFO  o.e.m.j.i.AbstractJavaProjectConfigurator - Adding resource folder /ApiCodingChallenge/src/test/resources
2025-06-26 09:17:43,061 [Worker-21: Import Getting Started Content] INFO  o.e.m.c.i.p.ProjectConfigurationManager - Imported and configured 1 project(s) in 12 sec
2025-06-26 09:17:43,069 [Worker-21: Import Getting Started Content] INFO  o.e.m.c.i.p.ProjectConfigurationManager - Update started
2025-06-26 09:17:43,691 [Worker-21: Import Getting Started Content] INFO  o.e.m.c.i.l.LifecycleMappingFactory - Using org.maven.ide.eclipse.wtp.WarLifecycleMapping lifecycle mapping for MavenProject: com.example:ApiCodingChallenge:0.0.1-SNAPSHOT @ C:\Users\AMALSIVAN\OneDrive\Desktop\AMAL API CODING CHALLENGE\ApiCodingChallenge\pom.xml.
2025-06-26 09:17:45,329 [Worker-21: Import Getting Started Content] INFO  o.e.m.j.i.AbstractJavaProjectConfigurator - Adding source folder /ApiCodingChallenge/src/main/java
2025-06-26 09:17:45,330 [Worker-21: Import Getting Started Content] INFO  o.e.m.j.i.AbstractJavaProjectConfigurator - Adding resource folder /ApiCodingChallenge/src/main/resources
2025-06-26 09:17:45,331 [Worker-21: Import Getting Started Content] INFO  o.e.m.j.i.AbstractJavaProjectConfigurator - Adding resource folder /ApiCodingChallenge/src/main/resources
2025-06-26 09:17:45,332 [Worker-21: Import Getting Started Content] INFO  o.e.m.j.i.AbstractJavaProjectConfigurator - Adding source folder /ApiCodingChallenge/src/test/java
2025-06-26 09:17:45,334 [Worker-21: Import Getting Started Content] INFO  o.e.m.j.i.AbstractJavaProjectConfigurator - Adding resource folder /ApiCodingChallenge/src/test/resources
2025-06-26 09:17:48,271 [Worker-21: Import Getting Started Content] INFO  o.e.m.w.i.f.ResourceFilteringBuildParticipant - Cleaning filtered folder for ApiCodingChallenge
2025-06-26 09:17:48,349 [Worker-21: Import Getting Started Content] INFO  o.e.m.c.i.p.ProjectConfigurationManager - Update completed for 1 poms: local refresh takes 0.00 sec, refresh facades takes 2.00 sec, update config takes 1.00 sec 
2025-06-26 09:17:50,341 [Worker-25: Building] INFO  o.a.m.s.f.DefaultMavenResourcesFiltering - Copying 1 resource from src\main\resources to target\classes
2025-06-26 09:17:50,369 [Worker-25: Building] INFO  o.a.m.s.f.DefaultMavenResourcesFiltering - Copying 0 resource from src\main\resources to target\classes
2025-06-26 09:17:50,379 [Worker-25: Building] INFO  o.a.m.s.f.DefaultMavenResourcesFiltering - skip non existing resourceDirectory C:\Users\AMALSIVAN\OneDrive\Desktop\AMAL API CODING CHALLENGE\ApiCodingChallenge\src\test\resources
2025-06-26 09:17:50,379 [Worker-25: Building] INFO  o.e.m.w.i.f.ResourceFilteringBuildParticipant - Changed resources require a complete clean of filtered resources of ApiCodingChallenge
2025-06-26 09:17:50,380 [Worker-25: Building] INFO  o.e.m.w.i.f.ResourceFilteringBuildParticipant - Executing resource filtering for ApiCodingChallenge
2025-06-26 09:19:01,716 [Worker-25: Building] INFO  o.a.m.s.f.DefaultMavenResourcesFiltering - Copying 1 resource from src\main\resources to target\classes
2025-06-26 09:19:01,727 [Worker-25: Building] INFO  o.a.m.s.f.DefaultMavenResourcesFiltering - Copying 0 resource from src\main\resources to target\classes
2025-06-26 09:19:01,739 [Worker-25: Building] INFO  o.a.m.s.f.DefaultMavenResourcesFiltering - skip non existing resourceDirectory C:\Users\AMALSIVAN\OneDrive\Desktop\AMAL API CODING CHALLENGE\ApiCodingChallenge\src\test\resources
2025-06-26 09:20:26,059 [Start Help Server] INFO  org.eclipse.jetty.server.Server - jetty-12.0.16; built: 2024-12-09T21:02:54.535Z; git: c3f88bafb4e393f23204dc14dc57b042e84debc7; jvm 21.0.7+6-LTS
2025-06-26 09:20:26,144 [Start Help Server] INFO  o.e.j.server.handler.ContextHandler - Started oeje8n.ContextHandler$CoreContextHandler@18031d76{/help,/help,b=null,a=AVAILABLE,h=oeje8n.ContextHandler$CoreContextHandler$CoreToNestedHandler@3258839c{STARTED}}
2025-06-26 09:20:26,146 [Start Help Server] INFO  o.e.j.s.DefaultSessionIdManager - Session workerName=node0
2025-06-26 09:20:26,177 [Start Help Server] INFO  o.e.jetty.server.AbstractConnector - Started ServerConnector@1287457c{HTTP/1.1, (http/1.1)}{127.0.0.1:55875}
2025-06-26 09:20:26,189 [Start Help Server] INFO  org.eclipse.jetty.server.Server - Started oejs.Server@6f177f4a{STARTING}[12.0.16,sto=0] @4218405ms
2025-06-26 09:21:31,736 [Worker-23: Building] INFO  o.a.m.s.f.DefaultMavenResourcesFiltering - Copying 1 resource from src\main\resources to target\classes
2025-06-26 09:21:31,743 [Worker-23: Building] INFO  o.a.m.s.f.DefaultMavenResourcesFiltering - Copying 0 resource from src\main\resources to target\classes
2025-06-26 09:21:31,755 [Worker-23: Building] INFO  o.a.m.s.f.DefaultMavenResourcesFiltering - skip non existing resourceDirectory C:\Users\AMALSIVAN\OneDrive\Desktop\AMAL API CODING CHALLENGE\ApiCodingChallenge\src\test\resources
2025-06-26 09:21:57,155 [Worker-21: Building] INFO  o.a.m.s.f.DefaultMavenResourcesFiltering - Copying 1 resource from src\main\resources to target\classes
2025-06-26 09:21:57,170 [Worker-21: Building] INFO  o.a.m.s.f.DefaultMavenResourcesFiltering - Copying 0 resource from src\main\resources to target\classes
2025-06-26 09:21:57,209 [Worker-21: Building] INFO  o.a.m.s.f.DefaultMavenResourcesFiltering - skip non existing resourceDirectory C:\Users\AMALSIVAN\OneDrive\Desktop\AMAL API CODING CHALLENGE\ApiCodingChallenge\src\test\resources
2025-06-26 09:26:05,233 [Worker-27: Updating Maven Project] INFO  o.e.m.c.i.p.ProjectConfigurationManager - Update started
2025-06-26 09:26:06,150 [Worker-27: Updating Maven Project] INFO  o.e.m.c.i.l.LifecycleMappingFactory - Using org.maven.ide.eclipse.wtp.WarLifecycleMapping lifecycle mapping for MavenProject: com.example:ApiCodingChallenge:0.0.1-SNAPSHOT @ C:\Users\AMALSIVAN\OneDrive\Desktop\AMAL API CODING CHALLENGE\ApiCodingChallenge\pom.xml.
2025-06-26 09:26:07,272 [Worker-27: Updating Maven Project] INFO  o.e.m.j.i.AbstractJavaProjectConfigurator - Adding source folder /ApiCodingChallenge/src/main/java
2025-06-26 09:26:07,274 [Worker-27: Updating Maven Project] INFO  o.e.m.j.i.AbstractJavaProjectConfigurator - Adding resource folder /ApiCodingChallenge/src/main/resources
2025-06-26 09:26:07,275 [Worker-27: Updating Maven Project] INFO  o.e.m.j.i.AbstractJavaProjectConfigurator - Adding resource folder /ApiCodingChallenge/src/main/resources
2025-06-26 09:26:07,276 [Worker-27: Updating Maven Project] INFO  o.e.m.j.i.AbstractJavaProjectConfigurator - Adding source folder /ApiCodingChallenge/src/test/java
2025-06-26 09:26:07,277 [Worker-27: Updating Maven Project] INFO  o.e.m.j.i.AbstractJavaProjectConfigurator - Adding resource folder /ApiCodingChallenge/src/test/resources
2025-06-26 09:26:08,276 [Worker-27: Updating Maven Project] INFO  o.e.m.w.i.f.ResourceFilteringBuildParticipant - Cleaning filtered folder for ApiCodingChallenge
2025-06-26 09:26:08,343 [Worker-27: Updating Maven Project] INFO  o.e.m.c.i.p.ProjectConfigurationManager - Update completed for 1 poms: local refresh takes 0.00 sec, refresh facades takes 1.00 sec, update config takes 0.00 sec 
2025-06-26 09:26:09,450 [Worker-24: Building] INFO  o.a.m.s.f.DefaultMavenResourcesFiltering - Copying 1 resource from src\main\resources to target\classes
2025-06-26 09:26:09,478 [Worker-24: Building] INFO  o.a.m.s.f.DefaultMavenResourcesFiltering - Copying 0 resource from src\main\resources to target\classes
2025-06-26 09:26:09,488 [Worker-24: Building] INFO  o.a.m.s.f.DefaultMavenResourcesFiltering - skip non existing resourceDirectory C:\Users\AMALSIVAN\OneDrive\Desktop\AMAL API CODING CHALLENGE\ApiCodingChallenge\src\test\resources
2025-06-26 09:26:09,489 [Worker-24: Building] INFO  o.e.m.w.i.f.ResourceFilteringBuildParticipant - Changed resources require a complete clean of filtered resources of ApiCodingChallenge
2025-06-26 09:26:09,489 [Worker-24: Building] INFO  o.e.m.w.i.f.ResourceFilteringBuildParticipant - Executing resource filtering for ApiCodingChallenge
2025-06-26 09:26:46,904 [Worker-24: Building] INFO  o.e.m.c.i.l.LifecycleMappingFactory - Using org.maven.ide.eclipse.wtp.WarLifecycleMapping lifecycle mapping for MavenProject: com.example:ApiCodingChallenge:0.0.1-SNAPSHOT @ C:\Users\AMALSIVAN\OneDrive\Desktop\AMAL API CODING CHALLENGE\ApiCodingChallenge\pom.xml.
2025-06-26 09:26:47,819 [Worker-24: Building] INFO  o.a.m.s.f.DefaultMavenResourcesFiltering - Copying 0 resource from src\main\resources to target\classes
2025-06-26 09:26:47,820 [Worker-24: Building] INFO  o.a.m.s.f.DefaultMavenResourcesFiltering - Copying 0 resource from src\main\resources to target\classes
2025-06-26 09:26:47,829 [Worker-24: Building] INFO  o.a.m.s.f.DefaultMavenResourcesFiltering - skip non existing resourceDirectory C:\Users\AMALSIVAN\OneDrive\Desktop\AMAL API CODING CHALLENGE\ApiCodingChallenge\src\test\resources
2025-06-26 09:26:47,830 [Worker-24: Building] INFO  o.e.m.w.i.f.ResourceFilteringBuildParticipant - Changed resources require a complete clean of filtered resources of ApiCodingChallenge
2025-06-26 09:26:47,830 [Worker-24: Building] INFO  o.e.m.w.i.f.ResourceFilteringBuildParticipant - Executing resource filtering for ApiCodingChallenge
2025-06-26 09:26:49,320 [Worker-29: Building] INFO  o.a.m.s.f.DefaultMavenResourcesFiltering - Copying 1 resource from src\main\resources to target\classes
2025-06-26 09:26:49,346 [Worker-29: Building] INFO  o.a.m.s.f.DefaultMavenResourcesFiltering - Copying 0 resource from src\main\resources to target\classes
2025-06-26 09:26:49,350 [Worker-29: Building] INFO  o.a.m.s.f.DefaultMavenResourcesFiltering - skip non existing resourceDirectory C:\Users\AMALSIVAN\OneDrive\Desktop\AMAL API CODING CHALLENGE\ApiCodingChallenge\src\test\resources
2025-06-26 09:28:49,423 [Worker-24: Building] INFO  o.a.m.s.f.DefaultMavenResourcesFiltering - Copying 1 resource from src\main\resources to target\classes
2025-06-26 09:28:49,430 [Worker-24: Building] INFO  o.a.m.s.f.DefaultMavenResourcesFiltering - Copying 0 resource from src\main\resources to target\classes
2025-06-26 09:28:49,434 [Worker-24: Building] INFO  o.a.m.s.f.DefaultMavenResourcesFiltering - skip non existing resourceDirectory C:\Users\AMALSIVAN\OneDrive\Desktop\AMAL API CODING CHALLENGE\ApiCodingChallenge\src\test\resources
2025-06-26 09:29:04,419 [Worker-26: Building] INFO  o.a.m.s.f.DefaultMavenResourcesFiltering - Copying 1 resource from src\main\resources to target\classes
2025-06-26 09:29:04,426 [Worker-26: Building] INFO  o.a.m.s.f.DefaultMavenResourcesFiltering - Copying 0 resource from src\main\resources to target\classes
2025-06-26 09:29:04,430 [Worker-26: Building] INFO  o.a.m.s.f.DefaultMavenResourcesFiltering - skip non existing resourceDirectory C:\Users\AMALSIVAN\OneDrive\Desktop\AMAL API CODING CHALLENGE\ApiCodingChallenge\src\test\resources
2025-06-26 09:30:06,312 [Worker-27: Building] INFO  o.a.m.s.f.DefaultMavenResourcesFiltering - Copying 1 resource from src\main\resources to target\classes
2025-06-26 09:30:06,323 [Worker-27: Building] INFO  o.a.m.s.f.DefaultMavenResourcesFiltering - Copying 0 resource from src\main\resources to target\classes
2025-06-26 09:30:06,327 [Worker-27: Building] INFO  o.a.m.s.f.DefaultMavenResourcesFiltering - skip non existing resourceDirectory C:\Users\AMALSIVAN\OneDrive\Desktop\AMAL API CODING CHALLENGE\ApiCodingChallenge\src\test\resources
2025-06-26 09:30:24,428 [Worker-32: Building] INFO  o.a.m.s.f.DefaultMavenResourcesFiltering - Copying 1 resource from src\main\resources to target\classes
2025-06-26 09:30:24,433 [Worker-32: Building] INFO  o.a.m.s.f.DefaultMavenResourcesFiltering - Copying 0 resource from src\main\resources to target\classes
2025-06-26 09:30:24,438 [Worker-32: Building] INFO  o.a.m.s.f.DefaultMavenResourcesFiltering - skip non existing resourceDirectory C:\Users\AMALSIVAN\OneDrive\Desktop\AMAL API CODING CHALLENGE\ApiCodingChallenge\src\test\resources
2025-06-26 09:32:24,794 [Worker-30: Building] INFO  o.a.m.s.f.DefaultMavenResourcesFiltering - Copying 1 resource from src\main\resources to target\classes
2025-06-26 09:32:24,814 [Worker-30: Building] INFO  o.a.m.s.f.DefaultMavenResourcesFiltering - Copying 0 resource from src\main\resources to target\classes
2025-06-26 09:32:24,818 [Worker-30: Building] INFO  o.a.m.s.f.DefaultMavenResourcesFiltering - skip non existing resourceDirectory C:\Users\AMALSIVAN\OneDrive\Desktop\AMAL API CODING CHALLENGE\ApiCodingChallenge\src\test\resources
2025-06-26 09:32:32,692 [Worker-33: Building] INFO  o.a.m.s.f.DefaultMavenResourcesFiltering - Copying 1 resource from src\main\resources to target\classes
2025-06-26 09:32:32,697 [Worker-33: Building] INFO  o.a.m.s.f.DefaultMavenResourcesFiltering - Copying 0 resource from src\main\resources to target\classes
2025-06-26 09:32:32,701 [Worker-33: Building] INFO  o.a.m.s.f.DefaultMavenResourcesFiltering - skip non existing resourceDirectory C:\Users\AMALSIVAN\OneDrive\Desktop\AMAL API CODING CHALLENGE\ApiCodingChallenge\src\test\resources
2025-06-26 09:32:52,367 [Worker-31: Building] INFO  o.a.m.s.f.DefaultMavenResourcesFiltering - Copying 1 resource from src\main\resources to target\classes
2025-06-26 09:32:52,373 [Worker-31: Building] INFO  o.a.m.s.f.DefaultMavenResourcesFiltering - Copying 0 resource from src\main\resources to target\classes
2025-06-26 09:32:52,379 [Worker-31: Building] INFO  o.a.m.s.f.DefaultMavenResourcesFiltering - skip non existing resourceDirectory C:\Users\AMALSIVAN\OneDrive\Desktop\AMAL API CODING CHALLENGE\ApiCodingChallenge\src\test\resources
2025-06-26 09:32:58,841 [Worker-30: Building] INFO  o.a.m.s.f.DefaultMavenResourcesFiltering - Copying 1 resource from src\main\resources to target\classes
2025-06-26 09:32:58,847 [Worker-30: Building] INFO  o.a.m.s.f.DefaultMavenResourcesFiltering - Copying 0 resource from src\main\resources to target\classes
2025-06-26 09:32:58,851 [Worker-30: Building] INFO  o.a.m.s.f.DefaultMavenResourcesFiltering - skip non existing resourceDirectory C:\Users\AMALSIVAN\OneDrive\Desktop\AMAL API CODING CHALLENGE\ApiCodingChallenge\src\test\resources
2025-06-26 09:33:19,378 [Worker-24: Building] INFO  o.a.m.s.f.DefaultMavenResourcesFiltering - Copying 1 resource from src\main\resources to target\classes
2025-06-26 09:33:19,383 [Worker-24: Building] INFO  o.a.m.s.f.DefaultMavenResourcesFiltering - Copying 0 resource from src\main\resources to target\classes
2025-06-26 09:33:19,385 [Worker-24: Building] INFO  o.a.m.s.f.DefaultMavenResourcesFiltering - skip non existing resourceDirectory C:\Users\AMALSIVAN\OneDrive\Desktop\AMAL API CODING CHALLENGE\ApiCodingChallenge\src\test\resources
2025-06-26 09:34:18,994 [Worker-31: Building] INFO  o.a.m.s.f.DefaultMavenResourcesFiltering - Copying 1 resource from src\main\resources to target\classes
2025-06-26 09:34:19,006 [Worker-31: Building] INFO  o.a.m.s.f.DefaultMavenResourcesFiltering - Copying 0 resource from src\main\resources to target\classes
2025-06-26 09:34:19,010 [Worker-31: Building] INFO  o.a.m.s.f.DefaultMavenResourcesFiltering - skip non existing resourceDirectory C:\Users\AMALSIVAN\OneDrive\Desktop\AMAL API CODING CHALLENGE\ApiCodingChallenge\src\test\resources
2025-06-26 09:35:12,492 [Worker-24: Building] INFO  o.e.m.c.i.l.LifecycleMappingFactory - Using org.maven.ide.eclipse.wtp.WarLifecycleMapping lifecycle mapping for MavenProject: com.example:ApiCodingChallenge:0.0.1-SNAPSHOT @ C:\Users\AMALSIVAN\OneDrive\Desktop\AMAL API CODING CHALLENGE\ApiCodingChallenge\pom.xml.
2025-06-26 09:35:14,094 [Worker-24: Building] INFO  o.a.m.s.f.DefaultMavenResourcesFiltering - Copying 0 resource from src\main\resources to target\classes
2025-06-26 09:35:14,095 [Worker-24: Building] INFO  o.a.m.s.f.DefaultMavenResourcesFiltering - Copying 0 resource from src\main\resources to target\classes
2025-06-26 09:35:14,104 [Worker-24: Building] INFO  o.a.m.s.f.DefaultMavenResourcesFiltering - skip non existing resourceDirectory C:\Users\AMALSIVAN\OneDrive\Desktop\AMAL API CODING CHALLENGE\ApiCodingChallenge\src\test\resources
2025-06-26 09:35:14,105 [Worker-24: Building] INFO  o.e.m.w.i.f.ResourceFilteringBuildParticipant - Changed resources require a complete clean of filtered resources of ApiCodingChallenge
2025-06-26 09:35:14,105 [Worker-24: Building] INFO  o.e.m.w.i.f.ResourceFilteringBuildParticipant - Executing resource filtering for ApiCodingChallenge
2025-06-26 09:35:16,023 [Worker-31: Building] INFO  o.a.m.s.f.DefaultMavenResourcesFiltering - Copying 1 resource from src\main\resources to target\classes
2025-06-26 09:35:16,054 [Worker-31: Building] INFO  o.a.m.s.f.DefaultMavenResourcesFiltering - Copying 0 resource from src\main\resources to target\classes
2025-06-26 09:35:16,066 [Worker-31: Building] INFO  o.a.m.s.f.DefaultMavenResourcesFiltering - skip non existing resourceDirectory C:\Users\AMALSIVAN\OneDrive\Desktop\AMAL API CODING CHALLENGE\ApiCodingChallenge\src\test\resources
2025-06-26 09:35:24,530 [Worker-33: Updating Maven Project] INFO  o.e.m.c.i.p.ProjectConfigurationManager - Update started
2025-06-26 09:35:24,960 [Worker-33: Updating Maven Project] INFO  o.e.m.c.i.l.LifecycleMappingFactory - Using org.maven.ide.eclipse.wtp.WarLifecycleMapping lifecycle mapping for MavenProject: com.example:ApiCodingChallenge:0.0.1-SNAPSHOT @ C:\Users\AMALSIVAN\OneDrive\Desktop\AMAL API CODING CHALLENGE\ApiCodingChallenge\pom.xml.
2025-06-26 09:35:25,756 [Worker-33: Updating Maven Project] INFO  o.e.m.j.i.AbstractJavaProjectConfigurator - Adding source folder /ApiCodingChallenge/src/main/java
2025-06-26 09:35:25,756 [Worker-33: Updating Maven Project] INFO  o.e.m.j.i.AbstractJavaProjectConfigurator - Adding resource folder /ApiCodingChallenge/src/main/resources
2025-06-26 09:35:25,758 [Worker-33: Updating Maven Project] INFO  o.e.m.j.i.AbstractJavaProjectConfigurator - Adding resource folder /ApiCodingChallenge/src/main/resources
2025-06-26 09:35:25,758 [Worker-33: Updating Maven Project] INFO  o.e.m.j.i.AbstractJavaProjectConfigurator - Adding source folder /ApiCodingChallenge/src/test/java
2025-06-26 09:35:25,759 [Worker-33: Updating Maven Project] INFO  o.e.m.j.i.AbstractJavaProjectConfigurator - Adding resource folder /ApiCodingChallenge/src/test/resources
2025-06-26 09:35:27,356 [Worker-33: Updating Maven Project] INFO  o.e.m.w.i.f.ResourceFilteringBuildParticipant - Cleaning filtered folder for ApiCodingChallenge
2025-06-26 09:35:27,390 [Worker-33: Updating Maven Project] INFO  o.e.m.c.i.p.ProjectConfigurationManager - Update completed for 1 poms: local refresh takes 0.00 sec, refresh facades takes 1.00 sec, update config takes 1.00 sec 
2025-06-26 09:35:27,888 [Worker-26: Building] INFO  o.a.m.s.f.DefaultMavenResourcesFiltering - Copying 1 resource from src\main\resources to target\classes
2025-06-26 09:35:27,913 [Worker-26: Building] INFO  o.a.m.s.f.DefaultMavenResourcesFiltering - Copying 0 resource from src\main\resources to target\classes
2025-06-26 09:35:27,920 [Worker-26: Building] INFO  o.a.m.s.f.DefaultMavenResourcesFiltering - skip non existing resourceDirectory C:\Users\AMALSIVAN\OneDrive\Desktop\AMAL API CODING CHALLENGE\ApiCodingChallenge\src\test\resources
2025-06-26 09:35:27,920 [Worker-26: Building] INFO  o.e.m.w.i.f.ResourceFilteringBuildParticipant - Changed resources require a complete clean of filtered resources of ApiCodingChallenge
2025-06-26 09:35:27,920 [Worker-26: Building] INFO  o.e.m.w.i.f.ResourceFilteringBuildParticipant - Executing resource filtering for ApiCodingChallenge
2025-06-26 09:35:35,809 [Worker-31: Building] INFO  o.a.m.s.f.DefaultMavenResourcesFiltering - Copying 1 resource from src\main\resources to target\classes
2025-06-26 09:35:35,816 [Worker-31: Building] INFO  o.a.m.s.f.DefaultMavenResourcesFiltering - Copying 0 resource from src\main\resources to target\classes
2025-06-26 09:35:35,819 [Worker-31: Building] INFO  o.a.m.s.f.DefaultMavenResourcesFiltering - skip non existing resourceDirectory C:\Users\AMALSIVAN\OneDrive\Desktop\AMAL API CODING CHALLENGE\ApiCodingChallenge\src\test\resources
2025-06-26 09:36:14,115 [Worker-28: Building] INFO  o.a.m.s.f.DefaultMavenResourcesFiltering - Copying 1 resource from src\main\resources to target\classes
2025-06-26 09:36:14,122 [Worker-28: Building] INFO  o.a.m.s.f.DefaultMavenResourcesFiltering - Copying 0 resource from src\main\resources to target\classes
2025-06-26 09:36:14,125 [Worker-28: Building] INFO  o.a.m.s.f.DefaultMavenResourcesFiltering - skip non existing resourceDirectory C:\Users\AMALSIVAN\OneDrive\Desktop\AMAL API CODING CHALLENGE\ApiCodingChallenge\src\test\resources
2025-06-26 09:36:38,338 [Worker-34: Building] INFO  o.a.m.s.f.DefaultMavenResourcesFiltering - Copying 1 resource from src\main\resources to target\classes
2025-06-26 09:36:38,353 [Worker-34: Building] INFO  o.a.m.s.f.DefaultMavenResourcesFiltering - Copying 0 resource from src\main\resources to target\classes
2025-06-26 09:36:38,358 [Worker-34: Building] INFO  o.a.m.s.f.DefaultMavenResourcesFiltering - skip non existing resourceDirectory C:\Users\AMALSIVAN\OneDrive\Desktop\AMAL API CODING CHALLENGE\ApiCodingChallenge\src\test\resources
2025-06-26 09:37:01,940 [Worker-34: Building] INFO  o.a.m.s.f.DefaultMavenResourcesFiltering - Copying 1 resource from src\main\resources to target\classes
2025-06-26 09:37:01,945 [Worker-34: Building] INFO  o.a.m.s.f.DefaultMavenResourcesFiltering - Copying 0 resource from src\main\resources to target\classes
2025-06-26 09:37:01,948 [Worker-34: Building] INFO  o.a.m.s.f.DefaultMavenResourcesFiltering - skip non existing resourceDirectory C:\Users\AMALSIVAN\OneDrive\Desktop\AMAL API CODING CHALLENGE\ApiCodingChallenge\src\test\resources
2025-06-26 09:37:24,233 [Worker-34: Building] INFO  o.a.m.s.f.DefaultMavenResourcesFiltering - Copying 1 resource from src\main\resources to target\classes
2025-06-26 09:37:24,237 [Worker-34: Building] INFO  o.a.m.s.f.DefaultMavenResourcesFiltering - Copying 0 resource from src\main\resources to target\classes
2025-06-26 09:37:24,240 [Worker-34: Building] INFO  o.a.m.s.f.DefaultMavenResourcesFiltering - skip non existing resourceDirectory C:\Users\AMALSIVAN\OneDrive\Desktop\AMAL API CODING CHALLENGE\ApiCodingChallenge\src\test\resources
2025-06-26 09:40:46,159 [Worker-29: Building] INFO  o.a.m.s.f.DefaultMavenResourcesFiltering - Copying 1 resource from src\main\resources to target\classes
2025-06-26 09:40:46,170 [Worker-29: Building] INFO  o.a.m.s.f.DefaultMavenResourcesFiltering - Copying 0 resource from src\main\resources to target\classes
2025-06-26 09:40:46,174 [Worker-29: Building] INFO  o.a.m.s.f.DefaultMavenResourcesFiltering - skip non existing resourceDirectory C:\Users\AMALSIVAN\OneDrive\Desktop\AMAL API CODING CHALLENGE\ApiCodingChallenge\src\test\resources
2025-06-26 09:41:28,419 [Worker-29: Building] INFO  o.a.m.s.f.DefaultMavenResourcesFiltering - Copying 1 resource from src\main\resources to target\classes
2025-06-26 09:41:28,426 [Worker-29: Building] INFO  o.a.m.s.f.DefaultMavenResourcesFiltering - Copying 0 resource from src\main\resources to target\classes
2025-06-26 09:41:28,430 [Worker-29: Building] INFO  o.a.m.s.f.DefaultMavenResourcesFiltering - skip non existing resourceDirectory C:\Users\AMALSIVAN\OneDrive\Desktop\AMAL API CODING CHALLENGE\ApiCodingChallenge\src\test\resources
2025-06-26 09:41:45,300 [Worker-37: Building] INFO  o.a.m.s.f.DefaultMavenResourcesFiltering - Copying 1 resource from src\main\resources to target\classes
2025-06-26 09:41:45,305 [Worker-37: Building] INFO  o.a.m.s.f.DefaultMavenResourcesFiltering - Copying 0 resource from src\main\resources to target\classes
2025-06-26 09:41:45,312 [Worker-37: Building] INFO  o.a.m.s.f.DefaultMavenResourcesFiltering - skip non existing resourceDirectory C:\Users\AMALSIVAN\OneDrive\Desktop\AMAL API CODING CHALLENGE\ApiCodingChallenge\src\test\resources
2025-06-26 09:42:24,433 [Worker-38: Building] INFO  o.a.m.s.f.DefaultMavenResourcesFiltering - Copying 1 resource from src\main\resources to target\classes
2025-06-26 09:42:24,441 [Worker-38: Building] INFO  o.a.m.s.f.DefaultMavenResourcesFiltering - Copying 0 resource from src\main\resources to target\classes
2025-06-26 09:42:24,445 [Worker-38: Building] INFO  o.a.m.s.f.DefaultMavenResourcesFiltering - skip non existing resourceDirectory C:\Users\AMALSIVAN\OneDrive\Desktop\AMAL API CODING CHALLENGE\ApiCodingChallenge\src\test\resources
2025-06-26 09:43:45,003 [Worker-36: Building] INFO  o.a.m.s.f.DefaultMavenResourcesFiltering - Copying 1 resource from src\main\resources to target\classes
2025-06-26 09:43:45,011 [Worker-36: Building] INFO  o.a.m.s.f.DefaultMavenResourcesFiltering - Copying 0 resource from src\main\resources to target\classes
2025-06-26 09:43:45,015 [Worker-36: Building] INFO  o.a.m.s.f.DefaultMavenResourcesFiltering - skip non existing resourceDirectory C:\Users\AMALSIVAN\OneDrive\Desktop\AMAL API CODING CHALLENGE\ApiCodingChallenge\src\test\resources
2025-06-26 09:46:07,517 [Worker-39: Building] INFO  o.a.m.s.f.DefaultMavenResourcesFiltering - Copying 1 resource from src\main\resources to target\classes
2025-06-26 09:46:07,523 [Worker-39: Building] INFO  o.a.m.s.f.DefaultMavenResourcesFiltering - Copying 0 resource from src\main\resources to target\classes
2025-06-26 09:46:07,527 [Worker-39: Building] INFO  o.a.m.s.f.DefaultMavenResourcesFiltering - skip non existing resourceDirectory C:\Users\AMALSIVAN\OneDrive\Desktop\AMAL API CODING CHALLENGE\ApiCodingChallenge\src\test\resources
2025-06-26 09:49:05,051 [Worker-40: Building] INFO  o.a.m.s.f.DefaultMavenResourcesFiltering - Copying 1 resource from src\main\resources to target\classes
2025-06-26 09:49:05,065 [Worker-40: Building] INFO  o.a.m.s.f.DefaultMavenResourcesFiltering - Copying 0 resource from src\main\resources to target\classes
2025-06-26 09:49:05,069 [Worker-40: Building] INFO  o.a.m.s.f.DefaultMavenResourcesFiltering - skip non existing resourceDirectory C:\Users\AMALSIVAN\OneDrive\Desktop\AMAL API CODING CHALLENGE\ApiCodingChallenge\src\test\resources
2025-06-26 09:51:03,491 [Worker-43: Building] INFO  o.a.m.s.f.DefaultMavenResourcesFiltering - Copying 1 resource from src\main\resources to target\classes
2025-06-26 09:51:03,512 [Worker-43: Building] INFO  o.a.m.s.f.DefaultMavenResourcesFiltering - Copying 0 resource from src\main\resources to target\classes
2025-06-26 09:51:03,516 [Worker-43: Building] INFO  o.a.m.s.f.DefaultMavenResourcesFiltering - skip non existing resourceDirectory C:\Users\AMALSIVAN\OneDrive\Desktop\AMAL API CODING CHALLENGE\ApiCodingChallenge\src\test\resources
2025-06-26 09:51:11,669 [Worker-43: Building] INFO  o.a.m.s.f.DefaultMavenResourcesFiltering - Copying 1 resource from src\main\resources to target\classes
2025-06-26 09:51:11,684 [Worker-43: Building] INFO  o.a.m.s.f.DefaultMavenResourcesFiltering - Copying 0 resource from src\main\resources to target\classes
2025-06-26 09:51:11,687 [Worker-43: Building] INFO  o.a.m.s.f.DefaultMavenResourcesFiltering - skip non existing resourceDirectory C:\Users\AMALSIVAN\OneDrive\Desktop\AMAL API CODING CHALLENGE\ApiCodingChallenge\src\test\resources
2025-06-26 09:54:25,485 [Worker-49: Building] INFO  o.a.m.s.f.DefaultMavenResourcesFiltering - Copying 1 resource from src\main\resources to target\classes
2025-06-26 09:54:25,493 [Worker-49: Building] INFO  o.a.m.s.f.DefaultMavenResourcesFiltering - Copying 0 resource from src\main\resources to target\classes
2025-06-26 09:54:25,498 [Worker-49: Building] INFO  o.a.m.s.f.DefaultMavenResourcesFiltering - skip non existing resourceDirectory C:\Users\AMALSIVAN\OneDrive\Desktop\AMAL API CODING CHALLENGE\ApiCodingChallenge\src\test\resources
2025-06-26 09:56:39,600 [Worker-46: Building] INFO  o.a.m.s.f.DefaultMavenResourcesFiltering - Copying 1 resource from src\main\resources to target\classes
2025-06-26 09:56:39,640 [Worker-46: Building] INFO  o.a.m.s.f.DefaultMavenResourcesFiltering - Copying 0 resource from src\main\resources to target\classes
2025-06-26 09:56:39,647 [Worker-46: Building] INFO  o.a.m.s.f.DefaultMavenResourcesFiltering - skip non existing resourceDirectory C:\Users\AMALSIVAN\OneDrive\Desktop\AMAL API CODING CHALLENGE\ApiCodingChallenge\src\test\resources
2025-06-26 09:56:57,629 [Worker-49: Building] INFO  o.a.m.s.f.DefaultMavenResourcesFiltering - Copying 1 resource from src\main\resources to target\classes
2025-06-26 09:56:57,666 [Worker-49: Building] INFO  o.a.m.s.f.DefaultMavenResourcesFiltering - Copying 0 resource from src\main\resources to target\classes
2025-06-26 09:56:57,669 [Worker-49: Building] INFO  o.a.m.s.f.DefaultMavenResourcesFiltering - skip non existing resourceDirectory C:\Users\AMALSIVAN\OneDrive\Desktop\AMAL API CODING CHALLENGE\ApiCodingChallenge\src\test\resources
2025-06-26 09:57:15,982 [Worker-50: Building] INFO  o.a.m.s.f.DefaultMavenResourcesFiltering - Copying 1 resource from src\main\resources to target\classes
2025-06-26 09:57:16,012 [Worker-50: Building] INFO  o.a.m.s.f.DefaultMavenResourcesFiltering - Copying 0 resource from src\main\resources to target\classes
2025-06-26 09:57:16,016 [Worker-50: Building] INFO  o.a.m.s.f.DefaultMavenResourcesFiltering - skip non existing resourceDirectory C:\Users\AMALSIVAN\OneDrive\Desktop\AMAL API CODING CHALLENGE\ApiCodingChallenge\src\test\resources
2025-06-26 09:57:41,698 [Worker-51: Building] INFO  o.a.m.s.f.DefaultMavenResourcesFiltering - Copying 1 resource from src\main\resources to target\classes
2025-06-26 09:57:41,793 [Worker-51: Building] INFO  o.a.m.s.f.DefaultMavenResourcesFiltering - Copying 0 resource from src\main\resources to target\classes
2025-06-26 09:57:41,801 [Worker-51: Building] INFO  o.a.m.s.f.DefaultMavenResourcesFiltering - skip non existing resourceDirectory C:\Users\AMALSIVAN\OneDrive\Desktop\AMAL API CODING CHALLENGE\ApiCodingChallenge\src\test\resources
2025-06-26 09:58:18,569 [Worker-51: Building] INFO  o.a.m.s.f.DefaultMavenResourcesFiltering - Copying 1 resource from src\main\resources to target\classes
2025-06-26 09:58:18,605 [Worker-51: Building] INFO  o.a.m.s.f.DefaultMavenResourcesFiltering - Copying 0 resource from src\main\resources to target\classes
2025-06-26 09:58:18,608 [Worker-51: Building] INFO  o.a.m.s.f.DefaultMavenResourcesFiltering - skip non existing resourceDirectory C:\Users\AMALSIVAN\OneDrive\Desktop\AMAL API CODING CHALLENGE\ApiCodingChallenge\src\test\resources
2025-06-26 09:58:39,888 [Worker-46: Building] INFO  o.a.m.s.f.DefaultMavenResourcesFiltering - Copying 1 resource from src\main\resources to target\classes
2025-06-26 09:58:40,030 [Worker-46: Building] INFO  o.a.m.s.f.DefaultMavenResourcesFiltering - Copying 0 resource from src\main\resources to target\classes
2025-06-26 09:58:40,039 [Worker-46: Building] INFO  o.a.m.s.f.DefaultMavenResourcesFiltering - skip non existing resourceDirectory C:\Users\AMALSIVAN\OneDrive\Desktop\AMAL API CODING CHALLENGE\ApiCodingChallenge\src\test\resources
2025-06-26 10:02:02,538 [Worker-49: Building] INFO  o.a.m.s.f.DefaultMavenResourcesFiltering - Copying 1 resource from src\main\resources to target\classes
2025-06-26 10:02:02,566 [Worker-49: Building] INFO  o.a.m.s.f.DefaultMavenResourcesFiltering - Copying 0 resource from src\main\resources to target\classes
2025-06-26 10:02:02,573 [Worker-49: Building] INFO  o.a.m.s.f.DefaultMavenResourcesFiltering - skip non existing resourceDirectory C:\Users\AMALSIVAN\OneDrive\Desktop\AMAL API CODING CHALLENGE\ApiCodingChallenge\src\test\resources
2025-06-26 10:02:08,390 [Worker-49: Building] INFO  o.a.m.s.f.DefaultMavenResourcesFiltering - Copying 1 resource from src\main\resources to target\classes
2025-06-26 10:02:08,438 [Worker-49: Building] INFO  o.a.m.s.f.DefaultMavenResourcesFiltering - Copying 0 resource from src\main\resources to target\classes
2025-06-26 10:02:08,442 [Worker-49: Building] INFO  o.a.m.s.f.DefaultMavenResourcesFiltering - skip non existing resourceDirectory C:\Users\AMALSIVAN\OneDrive\Desktop\AMAL API CODING CHALLENGE\ApiCodingChallenge\src\test\resources
2025-06-26 10:02:28,597 [Worker-57: Building] INFO  o.a.m.s.f.DefaultMavenResourcesFiltering - Copying 1 resource from src\main\resources to target\classes
2025-06-26 10:02:28,667 [Worker-57: Building] INFO  o.a.m.s.f.DefaultMavenResourcesFiltering - Copying 0 resource from src\main\resources to target\classes
2025-06-26 10:02:28,672 [Worker-57: Building] INFO  o.a.m.s.f.DefaultMavenResourcesFiltering - skip non existing resourceDirectory C:\Users\AMALSIVAN\OneDrive\Desktop\AMAL API CODING CHALLENGE\ApiCodingChallenge\src\test\resources
2025-06-26 10:11:26,068 [Worker-58: Building] INFO  o.a.m.s.f.DefaultMavenResourcesFiltering - Copying 1 resource from src\main\resources to target\classes
2025-06-26 10:11:26,090 [Worker-58: Building] INFO  o.a.m.s.f.DefaultMavenResourcesFiltering - Copying 0 resource from src\main\resources to target\classes
2025-06-26 10:11:26,092 [Worker-58: Building] INFO  o.a.m.s.f.DefaultMavenResourcesFiltering - skip non existing resourceDirectory C:\Users\AMALSIVAN\OneDrive\Desktop\AMAL API CODING CHALLENGE\ApiCodingChallenge\src\test\resources
2025-06-26 10:19:21,477 [Worker-64: Building] INFO  o.a.m.s.f.DefaultMavenResourcesFiltering - Copying 1 resource from src\main\resources to target\classes
2025-06-26 10:19:21,544 [Worker-64: Building] INFO  o.a.m.s.f.DefaultMavenResourcesFiltering - Copying 0 resource from src\main\resources to target\classes
2025-06-26 10:19:21,550 [Worker-64: Building] INFO  o.a.m.s.f.DefaultMavenResourcesFiltering - skip non existing resourceDirectory C:\Users\AMALSIVAN\OneDrive\Desktop\AMAL API CODING CHALLENGE\ApiCodingChallenge\src\test\resources
2025-06-26 10:22:38,841 [Worker-64: Building] INFO  o.a.m.s.f.DefaultMavenResourcesFiltering - Copying 1 resource from src\main\resources to target\classes
2025-06-26 10:22:38,904 [Worker-64: Building] INFO  o.a.m.s.f.DefaultMavenResourcesFiltering - Copying 0 resource from src\main\resources to target\classes
2025-06-26 10:22:38,908 [Worker-64: Building] INFO  o.a.m.s.f.DefaultMavenResourcesFiltering - skip non existing resourceDirectory C:\Users\AMALSIVAN\OneDrive\Desktop\AMAL API CODING CHALLENGE\ApiCodingChallenge\src\test\resources
2025-06-26 10:22:58,726 [Worker-67: Building] INFO  o.a.m.s.f.DefaultMavenResourcesFiltering - Copying 1 resource from src\main\resources to target\classes
2025-06-26 10:22:58,738 [Worker-67: Building] INFO  o.a.m.s.f.DefaultMavenResourcesFiltering - Copying 0 resource from src\main\resources to target\classes
2025-06-26 10:22:58,743 [Worker-67: Building] INFO  o.a.m.s.f.DefaultMavenResourcesFiltering - skip non existing resourceDirectory C:\Users\AMALSIVAN\OneDrive\Desktop\AMAL API CODING CHALLENGE\ApiCodingChallenge\src\test\resources
2025-06-26 10:23:13,773 [Worker-59: Building] INFO  o.a.m.s.f.DefaultMavenResourcesFiltering - Copying 1 resource from src\main\resources to target\classes
2025-06-26 10:23:13,819 [Worker-59: Building] INFO  o.a.m.s.f.DefaultMavenResourcesFiltering - Copying 0 resource from src\main\resources to target\classes
2025-06-26 10:23:13,827 [Worker-59: Building] INFO  o.a.m.s.f.DefaultMavenResourcesFiltering - skip non existing resourceDirectory C:\Users\AMALSIVAN\OneDrive\Desktop\AMAL API CODING CHALLENGE\ApiCodingChallenge\src\test\resources
2025-06-26 10:24:21,036 [Worker-59: Launching ApiCodingChallenge - ApiCodingChallengeApplication] INFO  o.a.m.s.f.DefaultMavenResourcesFiltering - Copying 1 resource from src\main\resources to target\classes
2025-06-26 10:24:21,102 [Worker-59: Launching ApiCodingChallenge - ApiCodingChallengeApplication] INFO  o.a.m.s.f.DefaultMavenResourcesFiltering - Copying 0 resource from src\main\resources to target\classes
2025-06-26 10:24:21,106 [Worker-59: Launching ApiCodingChallenge - ApiCodingChallengeApplication] INFO  o.a.m.s.f.DefaultMavenResourcesFiltering - skip non existing resourceDirectory C:\Users\AMALSIVAN\OneDrive\Desktop\AMAL API CODING CHALLENGE\ApiCodingChallenge\src\test\resources
2025-06-26 10:25:06,152 [Worker-66: Building] INFO  o.a.m.s.f.DefaultMavenResourcesFiltering - Copying 1 resource from src\main\resources to target\classes
2025-06-26 10:25:06,182 [Worker-66: Building] INFO  o.a.m.s.f.DefaultMavenResourcesFiltering - Copying 0 resource from src\main\resources to target\classes
2025-06-26 10:25:06,184 [Worker-66: Building] INFO  o.a.m.s.f.DefaultMavenResourcesFiltering - skip non existing resourceDirectory C:\Users\AMALSIVAN\OneDrive\Desktop\AMAL API CODING CHALLENGE\ApiCodingChallenge\src\test\resources
2025-06-26 10:27:53,149 [Worker-69: Building] INFO  o.a.m.s.f.DefaultMavenResourcesFiltering - Copying 1 resource from src\main\resources to target\classes
2025-06-26 10:27:53,167 [Worker-69: Building] INFO  o.a.m.s.f.DefaultMavenResourcesFiltering - Copying 0 resource from src\main\resources to target\classes
2025-06-26 10:27:53,171 [Worker-69: Building] INFO  o.a.m.s.f.DefaultMavenResourcesFiltering - skip non existing resourceDirectory C:\Users\AMALSIVAN\OneDrive\Desktop\AMAL API CODING CHALLENGE\ApiCodingChallenge\src\test\resources
2025-06-26 10:29:10,976 [Worker-70: Building] INFO  o.a.m.s.f.DefaultMavenResourcesFiltering - Copying 1 resource from src\main\resources to target\classes
2025-06-26 10:29:10,982 [Worker-70: Building] INFO  o.a.m.s.f.DefaultMavenResourcesFiltering - Copying 0 resource from src\main\resources to target\classes
2025-06-26 10:29:10,984 [Worker-70: Building] INFO  o.a.m.s.f.DefaultMavenResourcesFiltering - skip non existing resourceDirectory C:\Users\AMALSIVAN\OneDrive\Desktop\AMAL API CODING CHALLENGE\ApiCodingChallenge\src\test\resources
2025-06-26 10:29:31,515 [Worker-71: Building] INFO  o.a.m.s.f.DefaultMavenResourcesFiltering - Copying 1 resource from src\main\resources to target\classes
2025-06-26 10:29:31,523 [Worker-71: Building] INFO  o.a.m.s.f.DefaultMavenResourcesFiltering - Copying 0 resource from src\main\resources to target\classes
2025-06-26 10:29:31,529 [Worker-71: Building] INFO  o.a.m.s.f.DefaultMavenResourcesFiltering - skip non existing resourceDirectory C:\Users\AMALSIVAN\OneDrive\Desktop\AMAL API CODING CHALLENGE\ApiCodingChallenge\src\test\resources
2025-06-26 10:30:23,100 [Worker-66: Building] INFO  o.a.m.s.f.DefaultMavenResourcesFiltering - Copying 1 resource from src\main\resources to target\classes
2025-06-26 10:30:23,105 [Worker-66: Building] INFO  o.a.m.s.f.DefaultMavenResourcesFiltering - Copying 0 resource from src\main\resources to target\classes
2025-06-26 10:30:23,109 [Worker-66: Building] INFO  o.a.m.s.f.DefaultMavenResourcesFiltering - skip non existing resourceDirectory C:\Users\AMALSIVAN\OneDrive\Desktop\AMAL API CODING CHALLENGE\ApiCodingChallenge\src\test\resources
2025-06-26 10:32:07,663 [Worker-68: Building] INFO  o.a.m.s.f.DefaultMavenResourcesFiltering - Copying 1 resource from src\main\resources to target\classes
2025-06-26 10:32:07,671 [Worker-68: Building] INFO  o.a.m.s.f.DefaultMavenResourcesFiltering - Copying 0 resource from src\main\resources to target\classes
2025-06-26 10:32:07,675 [Worker-68: Building] INFO  o.a.m.s.f.DefaultMavenResourcesFiltering - skip non existing resourceDirectory C:\Users\AMALSIVAN\OneDrive\Desktop\AMAL API CODING CHALLENGE\ApiCodingChallenge\src\test\resources
2025-06-26 10:32:12,354 [Worker-69: Launching Executing verify in C__Users_AMALSIVAN_OneDrive_Desktop_AMAL API CODING CHALLENGE_ApiCodingChallenge] INFO  o.eclipse.m2e.core.internal.Bundles - getClasspathEntries(Bundle=org.eclipse.m2e.maven.runtime_3.9.900.20250220-2013 [637])
2025-06-26 10:32:12,359 [Worker-69: Launching Executing verify in C__Users_AMALSIVAN_OneDrive_Desktop_AMAL API CODING CHALLENGE_ApiCodingChallenge] INFO  o.eclipse.m2e.core.internal.Bundles - 	Entry: C:\Users\AMALSIVAN\.p2\pool\plugins\org.eclipse.m2e.maven.runtime_3.9.900.20250220-2013
2025-06-26 10:32:12,360 [Worker-69: Launching Executing verify in C__Users_AMALSIVAN_OneDrive_Desktop_AMAL API CODING CHALLENGE_ApiCodingChallenge] INFO  o.eclipse.m2e.core.internal.Bundles - 	Entry: C:\Users\AMALSIVAN\.p2\pool\plugins\org.eclipse.m2e.maven.runtime_3.9.900.20250220-2013\jars\aopalliance-1.0.jar
2025-06-26 10:32:12,360 [Worker-69: Launching Executing verify in C__Users_AMALSIVAN_OneDrive_Desktop_AMAL API CODING CHALLENGE_ApiCodingChallenge] INFO  o.eclipse.m2e.core.internal.Bundles - 	Entry: C:\Users\AMALSIVAN\.p2\pool\plugins\org.eclipse.m2e.maven.runtime_3.9.900.20250220-2013\jars\guice-5.1.0.jar
2025-06-26 10:32:12,360 [Worker-69: Launching Executing verify in C__Users_AMALSIVAN_OneDrive_Desktop_AMAL API CODING CHALLENGE_ApiCodingChallenge] INFO  o.eclipse.m2e.core.internal.Bundles - 	Entry: C:\Users\AMALSIVAN\.p2\pool\plugins\org.eclipse.m2e.maven.runtime_3.9.900.20250220-2013\jars\httpclient-4.5.14.jar
2025-06-26 10:32:12,360 [Worker-69: Launching Executing verify in C__Users_AMALSIVAN_OneDrive_Desktop_AMAL API CODING CHALLENGE_ApiCodingChallenge] INFO  o.eclipse.m2e.core.internal.Bundles - 	Entry: C:\Users\AMALSIVAN\.p2\pool\plugins\org.eclipse.m2e.maven.runtime_3.9.900.20250220-2013\jars\httpcore-4.4.16.jar
2025-06-26 10:32:12,360 [Worker-69: Launching Executing verify in C__Users_AMALSIVAN_OneDrive_Desktop_AMAL API CODING CHALLENGE_ApiCodingChallenge] INFO  o.eclipse.m2e.core.internal.Bundles - 	Entry: C:\Users\AMALSIVAN\.p2\pool\plugins\org.eclipse.m2e.maven.runtime_3.9.900.20250220-2013\jars\jansi-2.4.1.jar
2025-06-26 10:32:12,361 [Worker-69: Launching Executing verify in C__Users_AMALSIVAN_OneDrive_Desktop_AMAL API CODING CHALLENGE_ApiCodingChallenge] INFO  o.eclipse.m2e.core.internal.Bundles - 	Entry: C:\Users\AMALSIVAN\.p2\pool\plugins\org.eclipse.m2e.maven.runtime_3.9.900.20250220-2013\jars\jcl-over-slf4j-1.7.36.jar
2025-06-26 10:32:12,361 [Worker-69: Launching Executing verify in C__Users_AMALSIVAN_OneDrive_Desktop_AMAL API CODING CHALLENGE_ApiCodingChallenge] INFO  o.eclipse.m2e.core.internal.Bundles - 	Entry: C:\Users\AMALSIVAN\.p2\pool\plugins\org.eclipse.m2e.maven.runtime_3.9.900.20250220-2013\jars\maven-artifact-3.9.9.jar
2025-06-26 10:32:12,361 [Worker-69: Launching Executing verify in C__Users_AMALSIVAN_OneDrive_Desktop_AMAL API CODING CHALLENGE_ApiCodingChallenge] INFO  o.eclipse.m2e.core.internal.Bundles - 	Entry: C:\Users\AMALSIVAN\.p2\pool\plugins\org.eclipse.m2e.maven.runtime_3.9.900.20250220-2013\jars\maven-builder-support-3.9.9.jar
2025-06-26 10:32:12,361 [Worker-69: Launching Executing verify in C__Users_AMALSIVAN_OneDrive_Desktop_AMAL API CODING CHALLENGE_ApiCodingChallenge] INFO  o.eclipse.m2e.core.internal.Bundles - 	Entry: C:\Users\AMALSIVAN\.p2\pool\plugins\org.eclipse.m2e.maven.runtime_3.9.900.20250220-2013\jars\maven-compat-3.9.9.jar
2025-06-26 10:32:12,361 [Worker-69: Launching Executing verify in C__Users_AMALSIVAN_OneDrive_Desktop_AMAL API CODING CHALLENGE_ApiCodingChallenge] INFO  o.eclipse.m2e.core.internal.Bundles - 	Entry: C:\Users\AMALSIVAN\.p2\pool\plugins\org.eclipse.m2e.maven.runtime_3.9.900.20250220-2013\jars\maven-core-3.9.9.jar
2025-06-26 10:32:12,361 [Worker-69: Launching Executing verify in C__Users_AMALSIVAN_OneDrive_Desktop_AMAL API CODING CHALLENGE_ApiCodingChallenge] INFO  o.eclipse.m2e.core.internal.Bundles - 	Entry: C:\Users\AMALSIVAN\.p2\pool\plugins\org.eclipse.m2e.maven.runtime_3.9.900.20250220-2013\jars\maven-embedder-3.9.9.jar
2025-06-26 10:32:12,362 [Worker-69: Launching Executing verify in C__Users_AMALSIVAN_OneDrive_Desktop_AMAL API CODING CHALLENGE_ApiCodingChallenge] INFO  o.eclipse.m2e.core.internal.Bundles - 	Entry: C:\Users\AMALSIVAN\.p2\pool\plugins\org.eclipse.m2e.maven.runtime_3.9.900.20250220-2013\jars\maven-model-3.9.9.jar
2025-06-26 10:32:12,362 [Worker-69: Launching Executing verify in C__Users_AMALSIVAN_OneDrive_Desktop_AMAL API CODING CHALLENGE_ApiCodingChallenge] INFO  o.eclipse.m2e.core.internal.Bundles - 	Entry: C:\Users\AMALSIVAN\.p2\pool\plugins\org.eclipse.m2e.maven.runtime_3.9.900.20250220-2013\jars\maven-model-builder-3.9.9.jar
2025-06-26 10:32:12,362 [Worker-69: Launching Executing verify in C__Users_AMALSIVAN_OneDrive_Desktop_AMAL API CODING CHALLENGE_ApiCodingChallenge] INFO  o.eclipse.m2e.core.internal.Bundles - 	Entry: C:\Users\AMALSIVAN\.p2\pool\plugins\org.eclipse.m2e.maven.runtime_3.9.900.20250220-2013\jars\maven-plugin-api-3.9.9.jar
2025-06-26 10:32:12,362 [Worker-69: Launching Executing verify in C__Users_AMALSIVAN_OneDrive_Desktop_AMAL API CODING CHALLENGE_ApiCodingChallenge] INFO  o.eclipse.m2e.core.internal.Bundles - 	Entry: C:\Users\AMALSIVAN\.p2\pool\plugins\org.eclipse.m2e.maven.runtime_3.9.900.20250220-2013\jars\maven-repository-metadata-3.9.9.jar
2025-06-26 10:32:12,362 [Worker-69: Launching Executing verify in C__Users_AMALSIVAN_OneDrive_Desktop_AMAL API CODING CHALLENGE_ApiCodingChallenge] INFO  o.eclipse.m2e.core.internal.Bundles - 	Entry: C:\Users\AMALSIVAN\.p2\pool\plugins\org.eclipse.m2e.maven.runtime_3.9.900.20250220-2013\jars\maven-resolver-api-1.9.22.jar
2025-06-26 10:32:12,362 [Worker-69: Launching Executing verify in C__Users_AMALSIVAN_OneDrive_Desktop_AMAL API CODING CHALLENGE_ApiCodingChallenge] INFO  o.eclipse.m2e.core.internal.Bundles - 	Entry: C:\Users\AMALSIVAN\.p2\pool\plugins\org.eclipse.m2e.maven.runtime_3.9.900.20250220-2013\jars\maven-resolver-connector-basic-1.9.22.jar
2025-06-26 10:32:12,363 [Worker-69: Launching Executing verify in C__Users_AMALSIVAN_OneDrive_Desktop_AMAL API CODING CHALLENGE_ApiCodingChallenge] INFO  o.eclipse.m2e.core.internal.Bundles - 	Entry: C:\Users\AMALSIVAN\.p2\pool\plugins\org.eclipse.m2e.maven.runtime_3.9.900.20250220-2013\jars\maven-resolver-impl-1.9.22.jar
2025-06-26 10:32:12,363 [Worker-69: Launching Executing verify in C__Users_AMALSIVAN_OneDrive_Desktop_AMAL API CODING CHALLENGE_ApiCodingChallenge] INFO  o.eclipse.m2e.core.internal.Bundles - 	Entry: C:\Users\AMALSIVAN\.p2\pool\plugins\org.eclipse.m2e.maven.runtime_3.9.900.20250220-2013\jars\maven-resolver-named-locks-1.9.22.jar
2025-06-26 10:32:12,363 [Worker-69: Launching Executing verify in C__Users_AMALSIVAN_OneDrive_Desktop_AMAL API CODING CHALLENGE_ApiCodingChallenge] INFO  o.eclipse.m2e.core.internal.Bundles - 	Entry: C:\Users\AMALSIVAN\.p2\pool\plugins\org.eclipse.m2e.maven.runtime_3.9.900.20250220-2013\jars\maven-resolver-provider-3.9.9.jar
2025-06-26 10:32:12,363 [Worker-69: Launching Executing verify in C__Users_AMALSIVAN_OneDrive_Desktop_AMAL API CODING CHALLENGE_ApiCodingChallenge] INFO  o.eclipse.m2e.core.internal.Bundles - 	Entry: C:\Users\AMALSIVAN\.p2\pool\plugins\org.eclipse.m2e.maven.runtime_3.9.900.20250220-2013\jars\maven-resolver-spi-1.9.22.jar
2025-06-26 10:32:12,363 [Worker-69: Launching Executing verify in C__Users_AMALSIVAN_OneDrive_Desktop_AMAL API CODING CHALLENGE_ApiCodingChallenge] INFO  o.eclipse.m2e.core.internal.Bundles - 	Entry: C:\Users\AMALSIVAN\.p2\pool\plugins\org.eclipse.m2e.maven.runtime_3.9.900.20250220-2013\jars\maven-resolver-transport-file-1.9.22.jar
2025-06-26 10:32:12,363 [Worker-69: Launching Executing verify in C__Users_AMALSIVAN_OneDrive_Desktop_AMAL API CODING CHALLENGE_ApiCodingChallenge] INFO  o.eclipse.m2e.core.internal.Bundles - 	Entry: C:\Users\AMALSIVAN\.p2\pool\plugins\org.eclipse.m2e.maven.runtime_3.9.900.20250220-2013\jars\maven-resolver-transport-http-1.9.22.jar
2025-06-26 10:32:12,363 [Worker-69: Launching Executing verify in C__Users_AMALSIVAN_OneDrive_Desktop_AMAL API CODING CHALLENGE_ApiCodingChallenge] INFO  o.eclipse.m2e.core.internal.Bundles - 	Entry: C:\Users\AMALSIVAN\.p2\pool\plugins\org.eclipse.m2e.maven.runtime_3.9.900.20250220-2013\jars\maven-resolver-transport-wagon-1.9.22.jar
2025-06-26 10:32:12,364 [Worker-69: Launching Executing verify in C__Users_AMALSIVAN_OneDrive_Desktop_AMAL API CODING CHALLENGE_ApiCodingChallenge] INFO  o.eclipse.m2e.core.internal.Bundles - 	Entry: C:\Users\AMALSIVAN\.p2\pool\plugins\org.eclipse.m2e.maven.runtime_3.9.900.20250220-2013\jars\maven-resolver-util-1.9.22.jar
2025-06-26 10:32:12,364 [Worker-69: Launching Executing verify in C__Users_AMALSIVAN_OneDrive_Desktop_AMAL API CODING CHALLENGE_ApiCodingChallenge] INFO  o.eclipse.m2e.core.internal.Bundles - 	Entry: C:\Users\AMALSIVAN\.p2\pool\plugins\org.eclipse.m2e.maven.runtime_3.9.900.20250220-2013\jars\maven-settings-3.9.9.jar
2025-06-26 10:32:12,366 [Worker-69: Launching Executing verify in C__Users_AMALSIVAN_OneDrive_Desktop_AMAL API CODING CHALLENGE_ApiCodingChallenge] INFO  o.eclipse.m2e.core.internal.Bundles - 	Entry: C:\Users\AMALSIVAN\.p2\pool\plugins\org.eclipse.m2e.maven.runtime_3.9.900.20250220-2013\jars\maven-settings-builder-3.9.9.jar
2025-06-26 10:32:12,366 [Worker-69: Launching Executing verify in C__Users_AMALSIVAN_OneDrive_Desktop_AMAL API CODING CHALLENGE_ApiCodingChallenge] INFO  o.eclipse.m2e.core.internal.Bundles - 	Entry: C:\Users\AMALSIVAN\.p2\pool\plugins\org.eclipse.m2e.maven.runtime_3.9.900.20250220-2013\jars\maven-shared-utils-3.4.2.jar
2025-06-26 10:32:12,367 [Worker-69: Launching Executing verify in C__Users_AMALSIVAN_OneDrive_Desktop_AMAL API CODING CHALLENGE_ApiCodingChallenge] INFO  o.eclipse.m2e.core.internal.Bundles - 	Entry: C:\Users\AMALSIVAN\.p2\pool\plugins\org.eclipse.m2e.maven.runtime_3.9.900.20250220-2013\jars\org.eclipse.sisu.inject-0.9.0.M3.jar
2025-06-26 10:32:12,368 [Worker-69: Launching Executing verify in C__Users_AMALSIVAN_OneDrive_Desktop_AMAL API CODING CHALLENGE_ApiCodingChallenge] INFO  o.eclipse.m2e.core.internal.Bundles - 	Entry: C:\Users\AMALSIVAN\.p2\pool\plugins\org.eclipse.m2e.maven.runtime_3.9.900.20250220-2013\jars\org.eclipse.sisu.plexus-0.9.0.M3.jar
2025-06-26 10:32:12,368 [Worker-69: Launching Executing verify in C__Users_AMALSIVAN_OneDrive_Desktop_AMAL API CODING CHALLENGE_ApiCodingChallenge] INFO  o.eclipse.m2e.core.internal.Bundles - 	Entry: C:\Users\AMALSIVAN\.p2\pool\plugins\org.eclipse.m2e.maven.runtime_3.9.900.20250220-2013\jars\plexus-build-api-0.0.7.jar
2025-06-26 10:32:12,368 [Worker-69: Launching Executing verify in C__Users_AMALSIVAN_OneDrive_Desktop_AMAL API CODING CHALLENGE_ApiCodingChallenge] INFO  o.eclipse.m2e.core.internal.Bundles - 	Entry: C:\Users\AMALSIVAN\.p2\pool\plugins\org.eclipse.m2e.maven.runtime_3.9.900.20250220-2013\jars\plexus-build-api-1.2.0.jar
2025-06-26 10:32:12,369 [Worker-69: Launching Executing verify in C__Users_AMALSIVAN_OneDrive_Desktop_AMAL API CODING CHALLENGE_ApiCodingChallenge] INFO  o.eclipse.m2e.core.internal.Bundles - 	Entry: C:\Users\AMALSIVAN\.p2\pool\plugins\org.eclipse.m2e.maven.runtime_3.9.900.20250220-2013\jars\plexus-cipher-2.0.jar
2025-06-26 10:32:12,369 [Worker-69: Launching Executing verify in C__Users_AMALSIVAN_OneDrive_Desktop_AMAL API CODING CHALLENGE_ApiCodingChallenge] INFO  o.eclipse.m2e.core.internal.Bundles - 	Entry: C:\Users\AMALSIVAN\.p2\pool\plugins\org.eclipse.m2e.maven.runtime_3.9.900.20250220-2013\jars\plexus-classworlds-2.8.0.jar
2025-06-26 10:32:12,369 [Worker-69: Launching Executing verify in C__Users_AMALSIVAN_OneDrive_Desktop_AMAL API CODING CHALLENGE_ApiCodingChallenge] INFO  o.eclipse.m2e.core.internal.Bundles - 	Entry: C:\Users\AMALSIVAN\.p2\pool\plugins\org.eclipse.m2e.maven.runtime_3.9.900.20250220-2013\jars\plexus-component-annotations-2.1.0.jar
2025-06-26 10:32:12,369 [Worker-69: Launching Executing verify in C__Users_AMALSIVAN_OneDrive_Desktop_AMAL API CODING CHALLENGE_ApiCodingChallenge] INFO  o.eclipse.m2e.core.internal.Bundles - 	Entry: C:\Users\AMALSIVAN\.p2\pool\plugins\org.eclipse.m2e.maven.runtime_3.9.900.20250220-2013\jars\plexus-interpolation-1.27.jar
2025-06-26 10:32:12,369 [Worker-69: Launching Executing verify in C__Users_AMALSIVAN_OneDrive_Desktop_AMAL API CODING CHALLENGE_ApiCodingChallenge] INFO  o.eclipse.m2e.core.internal.Bundles - 	Entry: C:\Users\AMALSIVAN\.p2\pool\plugins\org.eclipse.m2e.maven.runtime_3.9.900.20250220-2013\jars\plexus-sec-dispatcher-2.0.jar
2025-06-26 10:32:12,370 [Worker-69: Launching Executing verify in C__Users_AMALSIVAN_OneDrive_Desktop_AMAL API CODING CHALLENGE_ApiCodingChallenge] INFO  o.eclipse.m2e.core.internal.Bundles - 	Entry: C:\Users\AMALSIVAN\.p2\pool\plugins\org.eclipse.m2e.maven.runtime_3.9.900.20250220-2013\jars\plexus-utils-3.5.1.jar
2025-06-26 10:32:12,370 [Worker-69: Launching Executing verify in C__Users_AMALSIVAN_OneDrive_Desktop_AMAL API CODING CHALLENGE_ApiCodingChallenge] INFO  o.eclipse.m2e.core.internal.Bundles - 	Entry: C:\Users\AMALSIVAN\.p2\pool\plugins\org.eclipse.m2e.maven.runtime_3.9.900.20250220-2013\jars\plexus-xml-3.0.1.jar
2025-06-26 10:32:12,370 [Worker-69: Launching Executing verify in C__Users_AMALSIVAN_OneDrive_Desktop_AMAL API CODING CHALLENGE_ApiCodingChallenge] INFO  o.eclipse.m2e.core.internal.Bundles - 	Entry: C:\Users\AMALSIVAN\.p2\pool\plugins\org.eclipse.m2e.maven.runtime_3.9.900.20250220-2013\jars\wagon-file-3.5.3.jar
2025-06-26 10:32:12,370 [Worker-69: Launching Executing verify in C__Users_AMALSIVAN_OneDrive_Desktop_AMAL API CODING CHALLENGE_ApiCodingChallenge] INFO  o.eclipse.m2e.core.internal.Bundles - 	Entry: C:\Users\AMALSIVAN\.p2\pool\plugins\org.eclipse.m2e.maven.runtime_3.9.900.20250220-2013\jars\wagon-http-3.5.3.jar
2025-06-26 10:32:12,370 [Worker-69: Launching Executing verify in C__Users_AMALSIVAN_OneDrive_Desktop_AMAL API CODING CHALLENGE_ApiCodingChallenge] INFO  o.eclipse.m2e.core.internal.Bundles - 	Entry: C:\Users\AMALSIVAN\.p2\pool\plugins\org.eclipse.m2e.maven.runtime_3.9.900.20250220-2013\jars\wagon-http-shared-3.5.3.jar
2025-06-26 10:32:12,370 [Worker-69: Launching Executing verify in C__Users_AMALSIVAN_OneDrive_Desktop_AMAL API CODING CHALLENGE_ApiCodingChallenge] INFO  o.eclipse.m2e.core.internal.Bundles - 	Entry: C:\Users\AMALSIVAN\.p2\pool\plugins\org.eclipse.m2e.maven.runtime_3.9.900.20250220-2013\jars\wagon-provider-api-3.5.3.jar
2025-06-26 10:32:12,372 [Worker-69: Launching Executing verify in C__Users_AMALSIVAN_OneDrive_Desktop_AMAL API CODING CHALLENGE_ApiCodingChallenge] INFO  o.eclipse.m2e.core.internal.Bundles - getClasspathEntries(Bundle=com.google.guava_33.4.8.jre [1022])
2025-06-26 10:32:12,373 [Worker-69: Launching Executing verify in C__Users_AMALSIVAN_OneDrive_Desktop_AMAL API CODING CHALLENGE_ApiCodingChallenge] INFO  o.eclipse.m2e.core.internal.Bundles - 	Entry: C:\Users\AMALSIVAN\.p2\pool\plugins\com.google.guava_33.4.8.jre.jar
2025-06-26 10:32:12,373 [Worker-69: Launching Executing verify in C__Users_AMALSIVAN_OneDrive_Desktop_AMAL API CODING CHALLENGE_ApiCodingChallenge] INFO  o.eclipse.m2e.core.internal.Bundles - getClasspathEntries(Bundle=slf4j.api_2.0.17 [1107])
2025-06-26 10:32:12,373 [Worker-69: Launching Executing verify in C__Users_AMALSIVAN_OneDrive_Desktop_AMAL API CODING CHALLENGE_ApiCodingChallenge] INFO  o.eclipse.m2e.core.internal.Bundles - 	Entry: C:\Users\AMALSIVAN\.p2\pool\plugins\slf4j.api_2.0.17.jar
2025-06-26 10:32:12,373 [Worker-69: Launching Executing verify in C__Users_AMALSIVAN_OneDrive_Desktop_AMAL API CODING CHALLENGE_ApiCodingChallenge] INFO  o.eclipse.m2e.core.internal.Bundles - getClasspathEntries(Bundle=jakarta.inject.jakarta.inject-api_1.0.5 [34])
2025-06-26 10:32:12,374 [Worker-69: Launching Executing verify in C__Users_AMALSIVAN_OneDrive_Desktop_AMAL API CODING CHALLENGE_ApiCodingChallenge] INFO  o.eclipse.m2e.core.internal.Bundles - 	Entry: C:\Users\AMALSIVAN\.p2\pool\plugins\jakarta.inject.jakarta.inject-api_1.0.5.jar
2025-06-26 10:32:12,374 [Worker-69: Launching Executing verify in C__Users_AMALSIVAN_OneDrive_Desktop_AMAL API CODING CHALLENGE_ApiCodingChallenge] INFO  o.eclipse.m2e.core.internal.Bundles - getClasspathEntries(Bundle=javax.annotation_1.3.5.v20200909-1856 [1030])
2025-06-26 10:32:12,375 [Worker-69: Launching Executing verify in C__Users_AMALSIVAN_OneDrive_Desktop_AMAL API CODING CHALLENGE_ApiCodingChallenge] INFO  o.eclipse.m2e.core.internal.Bundles - 	Entry: C:\Users\AMALSIVAN\.p2\pool\plugins\javax.annotation_1.3.5.v20200909-1856.jar
2025-06-26 10:32:12,375 [Worker-69: Launching Executing verify in C__Users_AMALSIVAN_OneDrive_Desktop_AMAL API CODING CHALLENGE_ApiCodingChallenge] INFO  o.eclipse.m2e.core.internal.Bundles - getClasspathEntries(Bundle=org.apache.commons.cli_1.9.0 [74])
2025-06-26 10:32:12,375 [Worker-69: Launching Executing verify in C__Users_AMALSIVAN_OneDrive_Desktop_AMAL API CODING CHALLENGE_ApiCodingChallenge] INFO  o.eclipse.m2e.core.internal.Bundles - 	Entry: C:\Users\AMALSIVAN\.p2\pool\plugins\org.apache.commons.cli_1.9.0.jar
2025-06-26 10:32:12,375 [Worker-69: Launching Executing verify in C__Users_AMALSIVAN_OneDrive_Desktop_AMAL API CODING CHALLENGE_ApiCodingChallenge] INFO  o.eclipse.m2e.core.internal.Bundles - getClasspathEntries(Bundle=org.apache.commons.commons-codec_1.16.0 [76])
2025-06-26 10:32:12,377 [Worker-69: Launching Executing verify in C__Users_AMALSIVAN_OneDrive_Desktop_AMAL API CODING CHALLENGE_ApiCodingChallenge] INFO  o.eclipse.m2e.core.internal.Bundles - 	Entry: C:\Users\AMALSIVAN\.p2\pool\plugins\org.apache.commons.commons-codec_1.16.0.jar
2025-06-26 10:32:12,377 [Worker-69: Launching Executing verify in C__Users_AMALSIVAN_OneDrive_Desktop_AMAL API CODING CHALLENGE_ApiCodingChallenge] INFO  o.eclipse.m2e.core.internal.Bundles - getClasspathEntries(Bundle=com.google.guava.failureaccess_1.0.3 [1023])
2025-06-26 10:32:12,378 [Worker-69: Launching Executing verify in C__Users_AMALSIVAN_OneDrive_Desktop_AMAL API CODING CHALLENGE_ApiCodingChallenge] INFO  o.eclipse.m2e.core.internal.Bundles - 	Entry: C:\Users\AMALSIVAN\.p2\pool\plugins\com.google.guava.failureaccess_1.0.3.jar
2025-06-26 10:32:12,384 [Worker-69: Launching Executing verify in C__Users_AMALSIVAN_OneDrive_Desktop_AMAL API CODING CHALLENGE_ApiCodingChallenge] INFO  o.e.m.i.launch.MavenLaunchDelegate - Run build in "C:\Users\AMALSIVAN\OneDrive\Desktop\AMAL API CODING CHALLENGE\ApiCodingChallenge":
2025-06-26 10:32:12,386 [Worker-69: Launching Executing verify in C__Users_AMALSIVAN_OneDrive_Desktop_AMAL API CODING CHALLENGE_ApiCodingChallenge] INFO  o.e.m.i.launch.MavenLaunchDelegate -  mvn  -Ppom.xml -B -Dstyle.color=always verify
2025-06-26 10:34:23,803 [Worker-69: Building] INFO  o.a.m.s.f.DefaultMavenResourcesFiltering - Copying 1 resource from src\main\resources to target\classes
2025-06-26 10:34:23,832 [Worker-69: Building] INFO  o.a.m.s.f.DefaultMavenResourcesFiltering - Copying 0 resource from src\main\resources to target\classes
2025-06-26 10:34:23,837 [Worker-69: Building] INFO  o.a.m.s.f.DefaultMavenResourcesFiltering - skip non existing resourceDirectory C:\Users\AMALSIVAN\OneDrive\Desktop\AMAL API CODING CHALLENGE\ApiCodingChallenge\src\test\resources
2025-06-26 10:40:36,744 [Worker-71: Building] INFO  o.a.m.s.f.DefaultMavenResourcesFiltering - Copying 1 resource from src\main\resources to target\classes
2025-06-26 10:40:36,781 [Worker-71: Building] INFO  o.a.m.s.f.DefaultMavenResourcesFiltering - Copying 0 resource from src\main\resources to target\classes
2025-06-26 10:40:36,788 [Worker-71: Building] INFO  o.a.m.s.f.DefaultMavenResourcesFiltering - skip non existing resourceDirectory C:\Users\AMALSIVAN\OneDrive\Desktop\AMAL API CODING CHALLENGE\ApiCodingChallenge\src\test\resources
2025-06-26 10:41:47,675 [Worker-70: Launching ApiCodingChallenge - ApiCodingChallengeApplication] INFO  o.a.m.s.f.DefaultMavenResourcesFiltering - Copying 1 resource from src\main\resources to target\classes
2025-06-26 10:41:47,682 [Worker-70: Launching ApiCodingChallenge - ApiCodingChallengeApplication] INFO  o.a.m.s.f.DefaultMavenResourcesFiltering - Copying 0 resource from src\main\resources to target\classes
2025-06-26 10:41:47,687 [Worker-70: Launching ApiCodingChallenge - ApiCodingChallengeApplication] INFO  o.a.m.s.f.DefaultMavenResourcesFiltering - skip non existing resourceDirectory C:\Users\AMALSIVAN\OneDrive\Desktop\AMAL API CODING CHALLENGE\ApiCodingChallenge\src\test\resources
2025-06-26 10:44:22,735 [Worker-67: Building] INFO  o.a.m.s.f.DefaultMavenResourcesFiltering - Copying 1 resource from src\main\resources to target\classes
2025-06-26 10:44:22,806 [Worker-67: Building] INFO  o.a.m.s.f.DefaultMavenResourcesFiltering - Copying 0 resource from src\main\resources to target\classes
2025-06-26 10:44:22,808 [Worker-67: Building] INFO  o.a.m.s.f.DefaultMavenResourcesFiltering - skip non existing resourceDirectory C:\Users\AMALSIVAN\OneDrive\Desktop\AMAL API CODING CHALLENGE\ApiCodingChallenge\src\test\resources
2025-06-26 10:46:47,914 [Worker-72: Building] INFO  o.a.m.s.f.DefaultMavenResourcesFiltering - Copying 1 resource from src\main\resources to target\classes
2025-06-26 10:46:47,921 [Worker-72: Building] INFO  o.a.m.s.f.DefaultMavenResourcesFiltering - Copying 0 resource from src\main\resources to target\classes
2025-06-26 10:46:47,926 [Worker-72: Building] INFO  o.a.m.s.f.DefaultMavenResourcesFiltering - skip non existing resourceDirectory C:\Users\AMALSIVAN\OneDrive\Desktop\AMAL API CODING CHALLENGE\ApiCodingChallenge\src\test\resources
2025-06-26 10:59:39,814 [Worker-68: Building] INFO  o.a.m.s.f.DefaultMavenResourcesFiltering - Copying 1 resource from src\main\resources to target\classes
2025-06-26 10:59:39,825 [Worker-68: Building] INFO  o.a.m.s.f.DefaultMavenResourcesFiltering - Copying 0 resource from src\main\resources to target\classes
2025-06-26 10:59:39,829 [Worker-68: Building] INFO  o.a.m.s.f.DefaultMavenResourcesFiltering - skip non existing resourceDirectory C:\Users\AMALSIVAN\OneDrive\Desktop\AMAL API CODING CHALLENGE\ApiCodingChallenge\src\test\resources
2025-06-26 11:04:38,006 [Worker-70: Building] INFO  o.a.m.s.f.DefaultMavenResourcesFiltering - Copying 1 resource from src\main\resources to target\classes
2025-06-26 11:04:38,042 [Worker-70: Building] INFO  o.a.m.s.f.DefaultMavenResourcesFiltering - Copying 0 resource from src\main\resources to target\classes
2025-06-26 11:04:38,046 [Worker-70: Building] INFO  o.a.m.s.f.DefaultMavenResourcesFiltering - skip non existing resourceDirectory C:\Users\AMALSIVAN\OneDrive\Desktop\AMAL API CODING CHALLENGE\ApiCodingChallenge\src\test\resources
2025-06-26 11:05:41,286 [Worker-71: Building] INFO  o.a.m.s.f.DefaultMavenResourcesFiltering - Copying 1 resource from src\main\resources to target\classes
2025-06-26 11:05:41,325 [Worker-71: Building] INFO  o.a.m.s.f.DefaultMavenResourcesFiltering - Copying 0 resource from src\main\resources to target\classes
2025-06-26 11:05:41,330 [Worker-71: Building] INFO  o.a.m.s.f.DefaultMavenResourcesFiltering - skip non existing resourceDirectory C:\Users\AMALSIVAN\OneDrive\Desktop\AMAL API CODING CHALLENGE\ApiCodingChallenge\src\test\resources
2025-06-26 11:07:12,810 [Worker-73: Building] INFO  o.a.m.s.f.DefaultMavenResourcesFiltering - Copying 1 resource from src\main\resources to target\classes
2025-06-26 11:07:12,837 [Worker-73: Building] INFO  o.a.m.s.f.DefaultMavenResourcesFiltering - Copying 0 resource from src\main\resources to target\classes
2025-06-26 11:07:12,840 [Worker-73: Building] INFO  o.a.m.s.f.DefaultMavenResourcesFiltering - skip non existing resourceDirectory C:\Users\AMALSIVAN\OneDrive\Desktop\AMAL API CODING CHALLENGE\ApiCodingChallenge\src\test\resources
2025-06-26 11:09:25,441 [Worker-75: Building] INFO  o.a.m.s.f.DefaultMavenResourcesFiltering - Copying 1 resource from src\main\resources to target\classes
2025-06-26 11:09:25,495 [Worker-75: Building] INFO  o.a.m.s.f.DefaultMavenResourcesFiltering - Copying 0 resource from src\main\resources to target\classes
2025-06-26 11:09:25,499 [Worker-75: Building] INFO  o.a.m.s.f.DefaultMavenResourcesFiltering - skip non existing resourceDirectory C:\Users\AMALSIVAN\OneDrive\Desktop\AMAL API CODING CHALLENGE\ApiCodingChallenge\src\test\resources
2025-06-26 11:10:12,513 [Worker-72: Building] INFO  o.a.m.s.f.DefaultMavenResourcesFiltering - Copying 1 resource from src\main\resources to target\classes
2025-06-26 11:10:12,539 [Worker-72: Building] INFO  o.a.m.s.f.DefaultMavenResourcesFiltering - Copying 0 resource from src\main\resources to target\classes
2025-06-26 11:10:12,543 [Worker-72: Building] INFO  o.a.m.s.f.DefaultMavenResourcesFiltering - skip non existing resourceDirectory C:\Users\AMALSIVAN\OneDrive\Desktop\AMAL API CODING CHALLENGE\ApiCodingChallenge\src\test\resources
2025-06-26 11:28:10,134 [Worker-87: Building] INFO  o.a.m.s.f.DefaultMavenResourcesFiltering - Copying 1 resource from src\main\resources to target\classes
2025-06-26 11:28:10,378 [Worker-87: Building] INFO  o.a.m.s.f.DefaultMavenResourcesFiltering - Copying 0 resource from src\main\resources to target\classes
2025-06-26 11:28:10,381 [Worker-87: Building] INFO  o.a.m.s.f.DefaultMavenResourcesFiltering - skip non existing resourceDirectory C:\Users\AMALSIVAN\OneDrive\Desktop\AMAL API CODING CHALLENGE\ApiCodingChallenge\src\test\resources
2025-06-26 11:45:44,344 [Worker-95: Building] INFO  o.a.m.s.f.DefaultMavenResourcesFiltering - Copying 1 resource from src\main\resources to target\classes
2025-06-26 11:45:45,128 [Worker-95: Building] INFO  o.a.m.s.f.DefaultMavenResourcesFiltering - Copying 0 resource from src\main\resources to target\classes
2025-06-26 11:45:45,138 [Worker-95: Building] INFO  o.a.m.s.f.DefaultMavenResourcesFiltering - skip non existing resourceDirectory C:\Users\AMALSIVAN\OneDrive\Desktop\AMAL API CODING CHALLENGE\ApiCodingChallenge\src\test\resources
2025-06-26 12:01:37,944 [Worker-100: Building] INFO  o.a.m.s.f.DefaultMavenResourcesFiltering - Copying 1 resource from src\main\resources to target\classes
2025-06-26 12:01:37,972 [Worker-100: Building] INFO  o.a.m.s.f.DefaultMavenResourcesFiltering - Copying 0 resource from src\main\resources to target\classes
2025-06-26 12:01:37,978 [Worker-100: Building] INFO  o.a.m.s.f.DefaultMavenResourcesFiltering - skip non existing resourceDirectory C:\Users\AMALSIVAN\OneDrive\Desktop\AMAL API CODING CHALLENGE\ApiCodingChallenge\src\test\resources
2025-06-26 12:02:07,299 [Worker-95: Building] INFO  o.a.m.s.f.DefaultMavenResourcesFiltering - Copying 1 resource from src\main\resources to target\classes
2025-06-26 12:02:07,310 [Worker-95: Building] INFO  o.a.m.s.f.DefaultMavenResourcesFiltering - Copying 0 resource from src\main\resources to target\classes
2025-06-26 12:02:07,314 [Worker-95: Building] INFO  o.a.m.s.f.DefaultMavenResourcesFiltering - skip non existing resourceDirectory C:\Users\AMALSIVAN\OneDrive\Desktop\AMAL API CODING CHALLENGE\ApiCodingChallenge\src\test\resources
